0 info it worked if it ends with ok
1 verbose cli [ 'node', '/usr/local/bin/npm', 'publish', './' ]
2 info using npm@2.1.18
3 info using node@v0.10.35
4 verbose node symlink /usr/local/bin/node
5 verbose publish [ './' ]
6 silly cache add args [ './', null ]
7 verbose cache add spec ./
8 silly cache add parsed spec { raw: './',
8 silly cache add   scope: null,
8 silly cache add   name: null,
8 silly cache add   rawSpec: './',
8 silly cache add   spec: '/Users/dancali/@/dev/src/tiber',
8 silly cache add   type: 'directory' }
9 verbose addLocalDirectory /Users/dancali/.npm/tiber/0.0.4/package.tgz not in flight; packing
10 verbose tar pack [ '/Users/dancali/.npm/tiber/0.0.4/package.tgz',
10 verbose tar pack   '/Users/dancali/@/dev/src/tiber' ]
11 verbose tarball /Users/dancali/.npm/tiber/0.0.4/package.tgz
12 verbose folder /Users/dancali/@/dev/src/tiber
13 info prepublish tiber@0.0.4
14 verbose addLocalTarball adding from inside cache /Users/dancali/.npm/tiber/0.0.4/package.tgz
15 silly cache afterAdd tiber@0.0.4
16 verbose afterAdd /Users/dancali/.npm/tiber/0.0.4/package/package.json not in flight; writing
17 verbose afterAdd /Users/dancali/.npm/tiber/0.0.4/package/package.json written
18 silly publish { name: 'tiber',
18 silly publish   version: '0.0.4',
18 silly publish   description: 'a straightforward way of building node apis',
18 silly publish   main: 'index.js',
18 silly publish   scripts: { test: 'mocha' },
18 silly publish   bin: { tiber: './bin/main.js' },
18 silly publish   repository: { type: 'git', url: 'git://github.com/dancali/tiber.git' },
18 silly publish   author: { name: 'Dan Calinescu' },
18 silly publish   bugs: { url: 'https://github.com/dancali/tiber/issues' },
18 silly publish   homepage: 'https://github.com/dancali/tiber',
18 silly publish   license: 'MIT',
18 silly publish   dependencies:
18 silly publish    { 'body-parser': '^1.9.2',
18 silly publish      commander: '^2.8.1',
18 silly publish      cors: '^2.7.1',
18 silly publish      express: '^4.10.2',
18 silly publish      'express-validator': '^2.8.0',
18 silly publish      'fs-extra': '^0.24.0',
18 silly publish      'js-yaml': '^3.3.0',
18 silly publish      'mandrill-api': '^1.0.41',
18 silly publish      pm2: '^0.14.7',
18 silly publish      sqlite3: '^3.1.0',
18 silly publish      string: '^2.2.0',
18 silly publish      validator: '^3.22.1' },
18 silly publish   devDependencies: { chai: '^3.2.0', mocha: '^2.2.5', sinon: '^1.16.1' },
18 silly publish   readme: '# Tiber\n',
18 silly publish   readmeFilename: 'README.md',
18 silly publish   gitHead: '1b3cd8c5148c1706f127dfdd28f2965e561c06ef',
18 silly publish   _id: 'tiber@0.0.4',
18 silly publish   _shasum: '3e3966af6b837517dd43d7513127475c105f457a',
18 silly publish   _from: '.' }
19 silly mapToRegistry name tiber
20 silly mapToRegistry using default registry
21 silly mapToRegistry registry https://registry.npmjs.org/
22 silly mapToRegistry uri https://registry.npmjs.org/tiber
23 verbose publish registryBase https://registry.npmjs.org/
24 silly publish uploading /Users/dancali/.npm/tiber/0.0.4/package.tgz
25 verbose request uri https://registry.npmjs.org/tiber
26 verbose request sending authorization for write operation
27 info attempt registry request try #1 at 05:39:45
28 verbose request using bearer token for auth
29 verbose request id 26cbea5d1754d161
30 http request PUT https://registry.npmjs.org/tiber
31 http 403 https://registry.npmjs.org/tiber
32 verbose headers { 'content-type': 'application/json',
32 verbose headers   'cache-control': 'max-age=60',
32 verbose headers   'content-length': '95',
32 verbose headers   'accept-ranges': 'bytes',
32 verbose headers   date: 'Tue, 15 Sep 2015 02:39:36 GMT',
32 verbose headers   via: '1.1 varnish',
32 verbose headers   connection: 'keep-alive',
32 verbose headers   'x-served-by': 'cache-fra1230-FRA',
32 verbose headers   'x-cache': 'MISS',
32 verbose headers   'x-cache-hits': '0',
32 verbose headers   'x-timer': 'S1442284775.172174,VS0,VE1095' }
33 verbose request invalidating /Users/dancali/.npm/registry.npmjs.org/tiber on PUT
34 error publish Failed PUT 403
35 verbose stack Error: "You cannot publish over the previously published version 0.0.4." : tiber
35 verbose stack     at CachingRegistryClient.<anonymous> (/usr/local/lib/node_modules/npm/node_modules/npm-registry-client/lib/request.js:244:14)
35 verbose stack     at Request._callback (/usr/local/lib/node_modules/npm/node_modules/npm-registry-client/lib/request.js:172:14)
35 verbose stack     at Request.self.callback (/usr/local/lib/node_modules/npm/node_modules/request/request.js:373:22)
35 verbose stack     at Request.emit (events.js:98:17)
35 verbose stack     at Request.<anonymous> (/usr/local/lib/node_modules/npm/node_modules/request/request.js:1318:14)
35 verbose stack     at Request.emit (events.js:117:20)
35 verbose stack     at IncomingMessage.<anonymous> (/usr/local/lib/node_modules/npm/node_modules/request/request.js:1266:12)
35 verbose stack     at IncomingMessage.emit (events.js:117:20)
35 verbose stack     at _stream_readable.js:944:16
35 verbose stack     at process._tickCallback (node.js:442:13)
36 verbose statusCode 403
37 verbose pkgid tiber
38 verbose cwd /Users/dancali/@/dev/src/tiber
39 error Darwin 14.5.0
40 error argv "node" "/usr/local/bin/npm" "publish" "./"
41 error node v0.10.35
42 error npm  v2.1.18
43 error code E403
44 error "You cannot publish over the previously published version 0.0.4." : tiber
45 error If you need help, you may report this error at:
45 error     <http://github.com/npm/npm/issues>
46 verbose exit [ 1, true ]
